[21:55:58] [main/WARN] (FabricLoader/Knot) Class path entries reference missing files: C:\Users\juhoj\IdeaProjects\Rpgquest\build\classes\java\main - the game may not load properly!
[21:55:58] [main/INFO] (FabricLoader/GameProvider) Loading Minecraft 1.21.7 with Fabric Loader 0.16.14
[21:55:58] [main/INFO] (FabricLoader) Loading 42 mods:
	- fabric-api 0.129.0+1.21.7
	- fabric-api-base 0.4.64+9ec45cd86c
	- fabric-api-lookup-api-v1 1.6.100+946bf4c36c
	- fabric-biome-api-v1 16.0.11+946bf4c36c
	- fabric-block-api-v1 1.1.3+946bf4c36c
	- fabric-block-view-api-v2 1.0.31+946bf4c36c
	- fabric-command-api-v2 2.2.53+946bf4c36c
	- fabric-content-registries-v0 10.0.18+946bf4c36c
	- fabric-convention-tags-v1 2.1.40+7f945d5b6c
	- fabric-convention-tags-v2 2.15.5+eb5df52f6c
	- fabric-crash-report-info-v1 0.3.15+946bf4c36c
	- fabric-data-attachment-api-v1 1.8.10+946bf4c36c
	- fabric-data-generation-api-v1 23.2.4+55e55d296c
	- fabric-dimensions-v1 4.0.19+946bf4c36c
	- fabric-entity-events-v1 2.1.1+c9e472736c
	- fabric-events-interaction-v0 4.0.23+946bf4c36c
	- fabric-game-rule-api-v1 1.0.73+c64c9c5b6c
	- fabric-gametest-api-v1 3.1.9+39ce47f56c
	- fabric-item-api-v1 11.4.3+946bf4c36c
	- fabric-item-group-api-v1 4.2.13+946bf4c36c
	- fabric-language-kotlin 1.13.4+kotlin.2.2.0
	- fabric-lifecycle-events-v1 2.6.3+db4dfd856c
	- fabric-loot-api-v2 3.0.55+3f89f5a56c
	- fabric-loot-api-v3 2.0.2+946bf4c36c
	- fabric-message-api-v1 6.1.1+946bf4c36c
	- fabric-networking-api-v1 5.0.1+946bf4c36c
	- fabric-object-builder-api-v1 21.1.7+946bf4c36c
	- fabric-particles-v1 4.1.7+946bf4c36c
	- fabric-recipe-api-v1 8.1.14+946bf4c36c
	- fabric-registry-sync-v0 6.1.27+946bf4c36c
	- fabric-rendering-fluids-v1 3.1.30+fa6cb72b6c
	- fabric-resource-conditions-api-v1 5.0.24+946bf4c36c
	- fabric-resource-loader-v0 3.1.11+946bf4c36c
	- fabric-screen-handler-api-v1 1.3.136+946bf4c36c
	- fabric-tag-api-v1 1.2.1+946bf4c36c
	- fabric-transfer-api-v1 6.0.5+946bf4c36c
	- fabric-transitive-access-wideners-v1 6.4.1+ac3e15d16c
	- fabricloader 0.16.14
	- java 21
	- minecraft 1.21.7
	- mixinextras 0.4.1
	- rpgquest 1.0-SNAPSHOT
[21:55:58] [main/INFO] (FabricLoader/Mixin) SpongePowered MIXIN Subsystem Version=0.8.7 Source=file:/C:/Users/juhoj/.gradle/caches/modules-2/files-2.1/net.fabricmc/sponge-mixin/0.15.5+mixin.0.8.7/22f9eb729e216a091673a574a5906dc1b9027fb3/sponge-mixin-0.15.5+mixin.0.8.7.jar Service=Knot/Fabric Env=SERVER
[21:55:59] [main/INFO] (FabricLoader/Mixin) Loaded Fabric development mappings for mixin remapper!
[21:55:59] [main/INFO] (FabricLoader/Mixin) Compatibility level set to JAVA_21
[21:56:00] [main/INFO] (FabricLoader/MixinExtras|Service) Initializing MixinExtras via com.llamalad7.mixinextras.service.MixinExtrasServiceImpl(version=0.4.1).
[21:56:09] [main/INFO] (Minecraft) Environment: Environment[sessionHost=https://sessionserver.mojang.com, servicesHost=https://api.minecraftservices.com, name=PROD]
[21:56:12] [main/INFO] (Minecraft) Loaded 1407 recipes
[21:56:12] [main/INFO] (Minecraft) Loaded 1520 advancements
[21:56:12] [main/INFO] (BiomeModificationImpl) Applied 0 biome modifications to 0 of 65 new biomes in 1.383 ms
[21:56:12] [Server thread/INFO] (rpgquest) CoroutineScope Initializing
[21:56:12] [Server thread/INFO] (Minecraft) Starting minecraft server version 1.21.7
[21:56:12] [Server thread/INFO] (Minecraft) Loading properties
[21:56:12] [Server thread/INFO] (Minecraft) Default game type: SURVIVAL
[21:56:12] [Server thread/INFO] (Minecraft) Generating keypair
[21:56:12] [Server thread/INFO] (Minecraft) Starting Minecraft server on *:25564
[21:56:12] [Server thread/INFO] (Minecraft) Using default channel type
[21:56:12] [Server thread/INFO] (Minecraft) Preparing level "world"
[21:56:13] [Server thread/INFO] (Minecraft) Preparing start region for dimension minecraft:overworld
[21:56:14] [Worker-Main-1/INFO] (Minecraft) Preparing spawn area: 0%
[21:56:14] [Worker-Main-1/INFO] (Minecraft) Preparing spawn area: 0%
[21:56:14] [Worker-Main-1/INFO] (Minecraft) Preparing spawn area: 0%
[21:56:14] [Server thread/INFO] (Minecraft) Time elapsed: 1319 ms
[21:56:14] [Server thread/INFO] (Minecraft) Done (1.813s)! For help, type "help"
[21:56:18] [User Authenticator #1/INFO] (Minecraft) UUID of player command_juho is 71093b50-9ff8-4330-abb5-f245d3beb513
[21:56:19] [Server thread/INFO] (Minecraft) command_juho[/127.0.0.1:51484] logged in with entity id 62 at (77.11780309502133, 72.41419334927461, 115.06723740602517)
[21:56:19] [Server thread/INFO] (Minecraft) command_juho joined the game
[21:56:25] [Server thread/WARN] (Minecraft) Failed to update secure chat state for command_juho: 'Chat disabled due to missing profile public key. Please try reconnecting.'
[21:56:25] [Server thread/INFO] (Minecraft) <command_juho> psjmf;oiansjm;ofignaer;oign
[21:56:26] [Server thread/INFO] (Minecraft) command_juho lost connection: Disconnected
[21:56:26] [Server thread/INFO] (Minecraft) command_juho left the game
